{"/home/davafons/workspace/Nadeshiko/backend/app/controllers/episodeController.ts": {"path":"/home/davafons/workspace/Nadeshiko/backend/app/controllers/episodeController.ts","statementMap":{"0":{"start":{"line":5,"column":42},"end":{"line":23,"column":null}},"1":{"start":{"line":6,"column":42},"end":{"line":17,"column":null}},"2":{"start":{"line":19,"column":2},"end":{"line":22,"column":null}},"3":{"start":{"line":25,"column":44},"end":{"line":41,"column":null}},"4":{"start":{"line":26,"column":18},"end":{"line":36,"column":null}},"5":{"start":{"line":38,"column":2},"end":{"line":38,"column":null}},"6":{"start":{"line":40,"column":2},"end":{"line":40,"column":null}},"7":{"start":{"line":43,"column":38},"end":{"line":52,"column":null}},"8":{"start":{"line":44,"column":18},"end":{"line":49,"column":null}},"9":{"start":{"line":51,"column":2},"end":{"line":51,"column":null}},"10":{"start":{"line":54,"column":44},"end":{"line":64,"column":null}},"11":{"start":{"line":55,"column":18},"end":{"line":61,"column":null}},"12":{"start":{"line":63,"column":2},"end":{"line":63,"column":null}},"13":{"start":{"line":66,"column":44},"end":{"line":73,"column":null}},"14":{"start":{"line":67,"column":2},"end":{"line":70,"column":null}},"15":{"start":{"line":72,"column":2},"end":{"line":72,"column":null}}},"fnMap":{"0":{"name":"(anonymous_0)","decl":{"start":{"line":5,"column":42},"end":{"line":5,"column":49}},"loc":{"start":{"line":5,"column":80},"end":{"line":23,"column":null}},"line":5},"1":{"name":"(anonymous_1)","decl":{"start":{"line":25,"column":44},"end":{"line":25,"column":51}},"loc":{"start":{"line":25,"column":81},"end":{"line":41,"column":null}},"line":25},"2":{"name":"(anonymous_2)","decl":{"start":{"line":43,"column":38},"end":{"line":43,"column":45}},"loc":{"start":{"line":43,"column":69},"end":{"line":52,"column":null}},"line":43},"3":{"name":"(anonymous_3)","decl":{"start":{"line":54,"column":44},"end":{"line":54,"column":51}},"loc":{"start":{"line":54,"column":81},"end":{"line":64,"column":null}},"line":54},"4":{"name":"(anonymous_4)","decl":{"start":{"line":66,"column":44},"end":{"line":66,"column":51}},"loc":{"start":{"line":66,"column":75},"end":{"line":73,"column":null}},"line":66}},"branchMap":{},"s":{"0":1,"1":4,"2":3,"3":1,"4":3,"5":3,"6":3,"7":1,"8":2,"9":1,"10":1,"11":3,"12":2,"13":1,"14":3,"15":2},"f":{"0":4,"1":3,"2":2,"3":3,"4":3},"b":{},"meta":{"lastBranch":0,"lastFunction":5,"lastStatement":16,"seen":{"s:5:42:23:Infinity":0,"f:5:42:5:49":0,"s:6:42:17:Infinity":1,"s:19:2:22:Infinity":2,"s:25:44:41:Infinity":3,"f:25:44:25:51":1,"s:26:18:36:Infinity":4,"s:38:2:38:Infinity":5,"s:40:2:40:Infinity":6,"s:43:38:52:Infinity":7,"f:43:38:43:45":2,"s:44:18:49:Infinity":8,"s:51:2:51:Infinity":9,"s:54:44:64:Infinity":10,"f:54:44:54:51":3,"s:55:18:61:Infinity":11,"s:63:2:63:Infinity":12,"s:66:44:73:Infinity":13,"f:66:44:66:51":4,"s:67:2:70:Infinity":14,"s:72:2:72:Infinity":15}}}
,"/home/davafons/workspace/Nadeshiko/backend/app/controllers/mappers/episode.mapper.ts": {"path":"/home/davafons/workspace/Nadeshiko/backend/app/controllers/mappers/episode.mapper.ts","statementMap":{"0":{"start":{"line":4,"column":28},"end":{"line":15,"column":null}},"1":{"start":{"line":4,"column":62},"end":{"line":15,"column":null}},"2":{"start":{"line":17,"column":32},"end":{"line":17,"column":null}},"3":{"start":{"line":17,"column":70},"end":{"line":17,"column":null}}},"fnMap":{"0":{"name":"(anonymous_0)","decl":{"start":{"line":4,"column":28},"end":{"line":4,"column":29}},"loc":{"start":{"line":4,"column":62},"end":{"line":15,"column":null}},"line":4},"1":{"name":"(anonymous_1)","decl":{"start":{"line":17,"column":32},"end":{"line":17,"column":33}},"loc":{"start":{"line":17,"column":70},"end":{"line":17,"column":null}},"line":17}},"branchMap":{},"s":{"0":2,"1":14,"2":2,"3":4},"f":{"0":14,"1":4},"b":{},"meta":{"lastBranch":0,"lastFunction":2,"lastStatement":4,"seen":{"s:4:28:15:Infinity":0,"f:4:28:4:29":0,"s:4:62:15:Infinity":1,"s:17:32:17:Infinity":2,"f:17:32:17:33":1,"s:17:70:17:Infinity":3}}}
,"/home/davafons/workspace/Nadeshiko/backend/app/errors/accessDeniedError.ts": {"path":"/home/davafons/workspace/Nadeshiko/backend/app/errors/accessDeniedError.ts","statementMap":{"0":{"start":{"line":4,"column":18},"end":{"line":4,"column":null}},"1":{"start":{"line":5,"column":19},"end":{"line":5,"column":null}},"2":{"start":{"line":6,"column":20},"end":{"line":6,"column":null}},"3":{"start":{"line":7,"column":35},"end":{"line":7,"column":null}},"4":{"start":{"line":10,"column":4},"end":{"line":10,"column":null}}},"fnMap":{"0":{"name":"(anonymous_0)","decl":{"start":{"line":9,"column":2},"end":{"line":9,"column":14}},"loc":{"start":{"line":9,"column":57},"end":{"line":11,"column":null}},"line":9}},"branchMap":{"0":{"loc":{"start":{"line":9,"column":14},"end":{"line":9,"column":57}},"type":"default-arg","locations":[{"start":{"line":9,"column":23},"end":{"line":9,"column":57}}],"line":9}},"s":{"0":0,"1":0,"2":0,"3":1,"4":0},"f":{"0":0},"b":{"0":[0]},"meta":{"lastBranch":1,"lastFunction":1,"lastStatement":5,"seen":{"s:4:18:4:Infinity":0,"s:5:19:5:Infinity":1,"s:6:20:6:Infinity":2,"s:7:35:7:Infinity":3,"f:9:2:9:14":0,"b:9:23:9:57":0,"s:10:4:10:Infinity":4}}}
,"/home/davafons/workspace/Nadeshiko/backend/app/errors/accountConflictError.ts": {"path":"/home/davafons/workspace/Nadeshiko/backend/app/errors/accountConflictError.ts","statementMap":{"0":{"start":{"line":4,"column":18},"end":{"line":4,"column":null}},"1":{"start":{"line":5,"column":19},"end":{"line":5,"column":null}},"2":{"start":{"line":6,"column":20},"end":{"line":6,"column":null}},"3":{"start":{"line":7,"column":35},"end":{"line":7,"column":null}},"4":{"start":{"line":10,"column":4},"end":{"line":10,"column":null}}},"fnMap":{"0":{"name":"(anonymous_0)","decl":{"start":{"line":9,"column":2},"end":{"line":9,"column":14}},"loc":{"start":{"line":9,"column":60},"end":{"line":11,"column":null}},"line":9}},"branchMap":{"0":{"loc":{"start":{"line":9,"column":14},"end":{"line":9,"column":60}},"type":"default-arg","locations":[{"start":{"line":9,"column":23},"end":{"line":9,"column":60}}],"line":9}},"s":{"0":0,"1":0,"2":0,"3":1,"4":0},"f":{"0":0},"b":{"0":[0]},"meta":{"lastBranch":1,"lastFunction":1,"lastStatement":5,"seen":{"s:4:18:4:Infinity":0,"s:5:19:5:Infinity":1,"s:6:20:6:Infinity":2,"s:7:35:7:Infinity":3,"f:9:2:9:14":0,"b:9:23:9:60":0,"s:10:4:10:Infinity":4}}}
,"/home/davafons/workspace/Nadeshiko/backend/app/errors/apiError.ts": {"path":"/home/davafons/workspace/Nadeshiko/backend/app/errors/apiError.ts","statementMap":{"0":{"start":{"line":1,"column":26},"end":{"line":1,"column":null}},"1":{"start":{"line":17,"column":26},"end":{"line":17,"column":null}},"2":{"start":{"line":22,"column":4},"end":{"line":22,"column":null}},"3":{"start":{"line":23,"column":4},"end":{"line":23,"column":null}},"4":{"start":{"line":27,"column":36},"end":{"line":33,"column":null}},"5":{"start":{"line":35,"column":4},"end":{"line":37,"column":null}},"6":{"start":{"line":36,"column":6},"end":{"line":36,"column":null}},"7":{"start":{"line":39,"column":4},"end":{"line":41,"column":null}},"8":{"start":{"line":40,"column":6},"end":{"line":40,"column":null}},"9":{"start":{"line":43,"column":4},"end":{"line":43,"column":null}},"10":{"start":{"line":48,"column":2},"end":{"line":48,"column":null}}},"fnMap":{"0":{"name":"(anonymous_0)","decl":{"start":{"line":21,"column":2},"end":{"line":21,"column":14}},"loc":{"start":{"line":21,"column":30},"end":{"line":24,"column":null}},"line":21},"1":{"name":"(anonymous_1)","decl":{"start":{"line":26,"column":2},"end":{"line":26,"column":26}},"loc":{"start":{"line":26,"column":26},"end":{"line":44,"column":null}},"line":26},"2":{"name":"isApiError","decl":{"start":{"line":47,"column":16},"end":{"line":47,"column":27}},"loc":{"start":{"line":47,"column":62},"end":{"line":49,"column":null}},"line":47}},"branchMap":{"0":{"loc":{"start":{"line":35,"column":4},"end":{"line":37,"column":null}},"type":"if","locations":[{"start":{"line":35,"column":4},"end":{"line":37,"column":null}},{"start":{},"end":{}}],"line":35},"1":{"loc":{"start":{"line":39,"column":4},"end":{"line":41,"column":null}},"type":"if","locations":[{"start":{"line":39,"column":4},"end":{"line":41,"column":null}},{"start":{},"end":{}}],"line":39}},"s":{"0":1,"1":3,"2":3,"3":3,"4":0,"5":0,"6":0,"7":0,"8":0,"9":0,"10":0},"f":{"0":3,"1":0,"2":0},"b":{"0":[0,0],"1":[0,0]},"meta":{"lastBranch":2,"lastFunction":3,"lastStatement":11,"seen":{"s:1:26:1:Infinity":0,"s:17:26:17:Infinity":1,"f:21:2:21:14":0,"s:22:4:22:Infinity":2,"s:23:4:23:Infinity":3,"f:26:2:26:26":1,"s:27:36:33:Infinity":4,"b:35:4:37:Infinity:undefined:undefined:undefined:undefined":0,"s:35:4:37:Infinity":5,"s:36:6:36:Infinity":6,"b:39:4:41:Infinity:undefined:undefined:undefined:undefined":1,"s:39:4:41:Infinity":7,"s:40:6:40:Infinity":8,"s:43:4:43:Infinity":9,"f:47:16:47:27":2,"s:48:2:48:Infinity":10}}}
,"/home/davafons/workspace/Nadeshiko/backend/app/errors/authCredentialsExpiredError.ts": {"path":"/home/davafons/workspace/Nadeshiko/backend/app/errors/authCredentialsExpiredError.ts","statementMap":{"0":{"start":{"line":4,"column":18},"end":{"line":4,"column":null}},"1":{"start":{"line":5,"column":19},"end":{"line":5,"column":null}},"2":{"start":{"line":6,"column":20},"end":{"line":6,"column":null}},"3":{"start":{"line":7,"column":35},"end":{"line":7,"column":null}},"4":{"start":{"line":10,"column":4},"end":{"line":10,"column":null}}},"fnMap":{"0":{"name":"(anonymous_0)","decl":{"start":{"line":9,"column":2},"end":{"line":9,"column":14}},"loc":{"start":{"line":9,"column":67},"end":{"line":11,"column":null}},"line":9}},"branchMap":{"0":{"loc":{"start":{"line":9,"column":14},"end":{"line":9,"column":67}},"type":"default-arg","locations":[{"start":{"line":9,"column":23},"end":{"line":9,"column":67}}],"line":9}},"s":{"0":0,"1":0,"2":0,"3":1,"4":0},"f":{"0":0},"b":{"0":[0]},"meta":{"lastBranch":1,"lastFunction":1,"lastStatement":5,"seen":{"s:4:18:4:Infinity":0,"s:5:19:5:Infinity":1,"s:6:20:6:Infinity":2,"s:7:35:7:Infinity":3,"f:9:2:9:14":0,"b:9:23:9:67":0,"s:10:4:10:Infinity":4}}}
,"/home/davafons/workspace/Nadeshiko/backend/app/errors/authCredentialsInvalidError.ts": {"path":"/home/davafons/workspace/Nadeshiko/backend/app/errors/authCredentialsInvalidError.ts","statementMap":{"0":{"start":{"line":4,"column":18},"end":{"line":4,"column":null}},"1":{"start":{"line":5,"column":19},"end":{"line":5,"column":null}},"2":{"start":{"line":6,"column":20},"end":{"line":6,"column":null}},"3":{"start":{"line":8,"column":4},"end":{"line":8,"column":null}},"4":{"start":{"line":11,"column":4},"end":{"line":11,"column":null}}},"fnMap":{"0":{"name":"(anonymous_0)","decl":{"start":{"line":10,"column":2},"end":{"line":10,"column":14}},"loc":{"start":{"line":10,"column":67},"end":{"line":12,"column":null}},"line":10}},"branchMap":{"0":{"loc":{"start":{"line":10,"column":14},"end":{"line":10,"column":67}},"type":"default-arg","locations":[{"start":{"line":10,"column":23},"end":{"line":10,"column":67}}],"line":10}},"s":{"0":0,"1":0,"2":0,"3":1,"4":0},"f":{"0":0},"b":{"0":[0]},"meta":{"lastBranch":1,"lastFunction":1,"lastStatement":5,"seen":{"s:4:18:4:Infinity":0,"s:5:19:5:Infinity":1,"s:6:20:6:Infinity":2,"s:8:4:8:Infinity":3,"f:10:2:10:14":0,"b:10:23:10:67":0,"s:11:4:11:Infinity":4}}}
,"/home/davafons/workspace/Nadeshiko/backend/app/errors/authCredentialsRequiredError.ts": {"path":"/home/davafons/workspace/Nadeshiko/backend/app/errors/authCredentialsRequiredError.ts","statementMap":{"0":{"start":{"line":4,"column":18},"end":{"line":4,"column":null}},"1":{"start":{"line":5,"column":19},"end":{"line":5,"column":null}},"2":{"start":{"line":6,"column":20},"end":{"line":6,"column":null}},"3":{"start":{"line":8,"column":4},"end":{"line":8,"column":null}},"4":{"start":{"line":11,"column":4},"end":{"line":11,"column":null}}},"fnMap":{"0":{"name":"(anonymous_0)","decl":{"start":{"line":10,"column":2},"end":{"line":10,"column":14}},"loc":{"start":{"line":10,"column":68},"end":{"line":12,"column":null}},"line":10}},"branchMap":{"0":{"loc":{"start":{"line":10,"column":14},"end":{"line":10,"column":68}},"type":"default-arg","locations":[{"start":{"line":10,"column":23},"end":{"line":10,"column":68}}],"line":10}},"s":{"0":0,"1":0,"2":0,"3":1,"4":0},"f":{"0":0},"b":{"0":[0]},"meta":{"lastBranch":1,"lastFunction":1,"lastStatement":5,"seen":{"s:4:18:4:Infinity":0,"s:5:19:5:Infinity":1,"s:6:20:6:Infinity":2,"s:8:4:8:Infinity":3,"f:10:2:10:14":0,"b:10:23:10:68":0,"s:11:4:11:Infinity":4}}}
,"/home/davafons/workspace/Nadeshiko/backend/app/errors/emailNotVerifiedError.ts": {"path":"/home/davafons/workspace/Nadeshiko/backend/app/errors/emailNotVerifiedError.ts","statementMap":{"0":{"start":{"line":4,"column":18},"end":{"line":4,"column":null}},"1":{"start":{"line":5,"column":19},"end":{"line":5,"column":null}},"2":{"start":{"line":6,"column":20},"end":{"line":6,"column":null}},"3":{"start":{"line":7,"column":35},"end":{"line":7,"column":null}},"4":{"start":{"line":10,"column":4},"end":{"line":10,"column":null}}},"fnMap":{"0":{"name":"(anonymous_0)","decl":{"start":{"line":9,"column":2},"end":{"line":9,"column":14}},"loc":{"start":{"line":9,"column":61},"end":{"line":11,"column":null}},"line":9}},"branchMap":{"0":{"loc":{"start":{"line":9,"column":14},"end":{"line":9,"column":61}},"type":"default-arg","locations":[{"start":{"line":9,"column":23},"end":{"line":9,"column":61}}],"line":9}},"s":{"0":0,"1":0,"2":0,"3":1,"4":0},"f":{"0":0},"b":{"0":[0]},"meta":{"lastBranch":1,"lastFunction":1,"lastStatement":5,"seen":{"s:4:18:4:Infinity":0,"s:5:19:5:Infinity":1,"s:6:20:6:Infinity":2,"s:7:35:7:Infinity":3,"f:9:2:9:14":0,"b:9:23:9:61":0,"s:10:4:10:Infinity":4}}}
,"/home/davafons/workspace/Nadeshiko/backend/app/errors/index.ts": {"path":"/home/davafons/workspace/Nadeshiko/backend/app/errors/index.ts","statementMap":{},"fnMap":{},"branchMap":{},"s":{},"f":{},"b":{},"meta":{"lastBranch":0,"lastFunction":0,"lastStatement":0,"seen":{}}}
,"/home/davafons/workspace/Nadeshiko/backend/app/errors/insufficientPermissionsError.ts": {"path":"/home/davafons/workspace/Nadeshiko/backend/app/errors/insufficientPermissionsError.ts","statementMap":{"0":{"start":{"line":4,"column":18},"end":{"line":4,"column":null}},"1":{"start":{"line":5,"column":19},"end":{"line":5,"column":null}},"2":{"start":{"line":6,"column":20},"end":{"line":6,"column":null}},"3":{"start":{"line":7,"column":35},"end":{"line":7,"column":null}},"4":{"start":{"line":10,"column":4},"end":{"line":10,"column":null}}},"fnMap":{"0":{"name":"(anonymous_0)","decl":{"start":{"line":9,"column":2},"end":{"line":9,"column":14}},"loc":{"start":{"line":9,"column":68},"end":{"line":11,"column":null}},"line":9}},"branchMap":{"0":{"loc":{"start":{"line":9,"column":14},"end":{"line":9,"column":68}},"type":"default-arg","locations":[{"start":{"line":9,"column":23},"end":{"line":9,"column":68}}],"line":9}},"s":{"0":0,"1":0,"2":0,"3":1,"4":0},"f":{"0":0},"b":{"0":[0]},"meta":{"lastBranch":1,"lastFunction":1,"lastStatement":5,"seen":{"s:4:18:4:Infinity":0,"s:5:19:5:Infinity":1,"s:6:20:6:Infinity":2,"s:7:35:7:Infinity":3,"f:9:2:9:14":0,"b:9:23:9:68":0,"s:10:4:10:Infinity":4}}}
,"/home/davafons/workspace/Nadeshiko/backend/app/errors/internalServerError.ts": {"path":"/home/davafons/workspace/Nadeshiko/backend/app/errors/internalServerError.ts","statementMap":{"0":{"start":{"line":4,"column":18},"end":{"line":4,"column":null}},"1":{"start":{"line":5,"column":19},"end":{"line":5,"column":null}},"2":{"start":{"line":6,"column":20},"end":{"line":6,"column":null}},"3":{"start":{"line":7,"column":35},"end":{"line":7,"column":null}},"4":{"start":{"line":10,"column":4},"end":{"line":10,"column":null}}},"fnMap":{"0":{"name":"(anonymous_0)","decl":{"start":{"line":9,"column":2},"end":{"line":9,"column":14}},"loc":{"start":{"line":9,"column":59},"end":{"line":11,"column":null}},"line":9}},"branchMap":{"0":{"loc":{"start":{"line":9,"column":14},"end":{"line":9,"column":59}},"type":"default-arg","locations":[{"start":{"line":9,"column":23},"end":{"line":9,"column":59}}],"line":9}},"s":{"0":0,"1":0,"2":0,"3":1,"4":0},"f":{"0":0},"b":{"0":[0]},"meta":{"lastBranch":1,"lastFunction":1,"lastStatement":5,"seen":{"s:4:18:4:Infinity":0,"s:5:19:5:Infinity":1,"s:6:20:6:Infinity":2,"s:7:35:7:Infinity":3,"f:9:2:9:14":0,"b:9:23:9:59":0,"s:10:4:10:Infinity":4}}}
,"/home/davafons/workspace/Nadeshiko/backend/app/errors/invalidCredentialsError.ts": {"path":"/home/davafons/workspace/Nadeshiko/backend/app/errors/invalidCredentialsError.ts","statementMap":{"0":{"start":{"line":4,"column":18},"end":{"line":4,"column":null}},"1":{"start":{"line":5,"column":19},"end":{"line":5,"column":null}},"2":{"start":{"line":6,"column":20},"end":{"line":6,"column":null}},"3":{"start":{"line":7,"column":35},"end":{"line":7,"column":null}},"4":{"start":{"line":10,"column":4},"end":{"line":10,"column":null}}},"fnMap":{"0":{"name":"(anonymous_0)","decl":{"start":{"line":9,"column":2},"end":{"line":9,"column":14}},"loc":{"start":{"line":9,"column":63},"end":{"line":11,"column":null}},"line":9}},"branchMap":{"0":{"loc":{"start":{"line":9,"column":14},"end":{"line":9,"column":63}},"type":"default-arg","locations":[{"start":{"line":9,"column":23},"end":{"line":9,"column":63}}],"line":9}},"s":{"0":0,"1":0,"2":0,"3":1,"4":0},"f":{"0":0},"b":{"0":[0]},"meta":{"lastBranch":1,"lastFunction":1,"lastStatement":5,"seen":{"s:4:18:4:Infinity":0,"s:5:19:5:Infinity":1,"s:6:20:6:Infinity":2,"s:7:35:7:Infinity":3,"f:9:2:9:14":0,"b:9:23:9:63":0,"s:10:4:10:Infinity":4}}}
,"/home/davafons/workspace/Nadeshiko/backend/app/errors/invalidJsonError.ts": {"path":"/home/davafons/workspace/Nadeshiko/backend/app/errors/invalidJsonError.ts","statementMap":{"0":{"start":{"line":4,"column":18},"end":{"line":4,"column":null}},"1":{"start":{"line":5,"column":19},"end":{"line":5,"column":null}},"2":{"start":{"line":6,"column":20},"end":{"line":6,"column":null}},"3":{"start":{"line":7,"column":35},"end":{"line":7,"column":null}},"4":{"start":{"line":10,"column":4},"end":{"line":10,"column":null}}},"fnMap":{"0":{"name":"(anonymous_0)","decl":{"start":{"line":9,"column":2},"end":{"line":9,"column":14}},"loc":{"start":{"line":9,"column":56},"end":{"line":11,"column":null}},"line":9}},"branchMap":{"0":{"loc":{"start":{"line":9,"column":14},"end":{"line":9,"column":56}},"type":"default-arg","locations":[{"start":{"line":9,"column":23},"end":{"line":9,"column":56}}],"line":9}},"s":{"0":0,"1":0,"2":0,"3":1,"4":0},"f":{"0":0},"b":{"0":[0]},"meta":{"lastBranch":1,"lastFunction":1,"lastStatement":5,"seen":{"s:4:18:4:Infinity":0,"s:5:19:5:Infinity":1,"s:6:20:6:Infinity":2,"s:7:35:7:Infinity":3,"f:9:2:9:14":0,"b:9:23:9:56":0,"s:10:4:10:Infinity":4}}}
,"/home/davafons/workspace/Nadeshiko/backend/app/errors/invalidRequestError.ts": {"path":"/home/davafons/workspace/Nadeshiko/backend/app/errors/invalidRequestError.ts","statementMap":{"0":{"start":{"line":4,"column":18},"end":{"line":4,"column":null}},"1":{"start":{"line":5,"column":19},"end":{"line":5,"column":null}},"2":{"start":{"line":6,"column":20},"end":{"line":6,"column":null}},"3":{"start":{"line":7,"column":35},"end":{"line":7,"column":null}},"4":{"start":{"line":10,"column":4},"end":{"line":10,"column":null}}},"fnMap":{"0":{"name":"(anonymous_0)","decl":{"start":{"line":9,"column":2},"end":{"line":9,"column":14}},"loc":{"start":{"line":9,"column":59},"end":{"line":11,"column":null}},"line":9}},"branchMap":{"0":{"loc":{"start":{"line":9,"column":14},"end":{"line":9,"column":59}},"type":"default-arg","locations":[{"start":{"line":9,"column":23},"end":{"line":9,"column":59}}],"line":9}},"s":{"0":0,"1":0,"2":0,"3":1,"4":0},"f":{"0":0},"b":{"0":[0]},"meta":{"lastBranch":1,"lastFunction":1,"lastStatement":5,"seen":{"s:4:18:4:Infinity":0,"s:5:19:5:Infinity":1,"s:6:20:6:Infinity":2,"s:7:35:7:Infinity":3,"f:9:2:9:14":0,"b:9:23:9:59":0,"s:10:4:10:Infinity":4}}}
,"/home/davafons/workspace/Nadeshiko/backend/app/errors/notFoundError.ts": {"path":"/home/davafons/workspace/Nadeshiko/backend/app/errors/notFoundError.ts","statementMap":{"0":{"start":{"line":4,"column":18},"end":{"line":4,"column":null}},"1":{"start":{"line":5,"column":19},"end":{"line":5,"column":null}},"2":{"start":{"line":6,"column":20},"end":{"line":6,"column":null}},"3":{"start":{"line":7,"column":35},"end":{"line":7,"column":null}},"4":{"start":{"line":10,"column":4},"end":{"line":10,"column":null}},"5":{"start":{"line":14,"column":4},"end":{"line":14,"column":null}}},"fnMap":{"0":{"name":"(anonymous_0)","decl":{"start":{"line":9,"column":2},"end":{"line":9,"column":14}},"loc":{"start":{"line":9,"column":53},"end":{"line":11,"column":null}},"line":9},"1":{"name":"(anonymous_1)","decl":{"start":{"line":13,"column":9},"end":{"line":13,"column":34}},"loc":{"start":{"line":13,"column":34},"end":{"line":15,"column":null}},"line":13}},"branchMap":{"0":{"loc":{"start":{"line":9,"column":14},"end":{"line":9,"column":53}},"type":"default-arg","locations":[{"start":{"line":9,"column":23},"end":{"line":9,"column":53}}],"line":9}},"s":{"0":3,"1":3,"2":3,"3":1,"4":3,"5":0},"f":{"0":3,"1":1},"b":{"0":[3]},"meta":{"lastBranch":1,"lastFunction":2,"lastStatement":6,"seen":{"s:4:18:4:Infinity":0,"s:5:19:5:Infinity":1,"s:6:20:6:Infinity":2,"s:7:35:7:Infinity":3,"f:9:2:9:14":0,"b:9:23:9:53":0,"s:10:4:10:Infinity":4,"f:13:9:13:34":1,"s:14:4:14:Infinity":5}}}
,"/home/davafons/workspace/Nadeshiko/backend/app/errors/quotaExceededError.ts": {"path":"/home/davafons/workspace/Nadeshiko/backend/app/errors/quotaExceededError.ts","statementMap":{"0":{"start":{"line":4,"column":18},"end":{"line":4,"column":null}},"1":{"start":{"line":5,"column":19},"end":{"line":5,"column":null}},"2":{"start":{"line":6,"column":20},"end":{"line":6,"column":null}},"3":{"start":{"line":7,"column":35},"end":{"line":7,"column":null}},"4":{"start":{"line":10,"column":4},"end":{"line":10,"column":null}}},"fnMap":{"0":{"name":"(anonymous_0)","decl":{"start":{"line":9,"column":2},"end":{"line":9,"column":14}},"loc":{"start":{"line":9,"column":58},"end":{"line":11,"column":null}},"line":9}},"branchMap":{"0":{"loc":{"start":{"line":9,"column":14},"end":{"line":9,"column":58}},"type":"default-arg","locations":[{"start":{"line":9,"column":23},"end":{"line":9,"column":58}}],"line":9}},"s":{"0":0,"1":0,"2":0,"3":1,"4":0},"f":{"0":0},"b":{"0":[0]},"meta":{"lastBranch":1,"lastFunction":1,"lastStatement":5,"seen":{"s:4:18:4:Infinity":0,"s:5:19:5:Infinity":1,"s:6:20:6:Infinity":2,"s:7:35:7:Infinity":3,"f:9:2:9:14":0,"b:9:23:9:58":0,"s:10:4:10:Infinity":4}}}
,"/home/davafons/workspace/Nadeshiko/backend/app/errors/rateLimitExceededError.ts": {"path":"/home/davafons/workspace/Nadeshiko/backend/app/errors/rateLimitExceededError.ts","statementMap":{"0":{"start":{"line":4,"column":18},"end":{"line":4,"column":null}},"1":{"start":{"line":5,"column":19},"end":{"line":5,"column":null}},"2":{"start":{"line":6,"column":20},"end":{"line":6,"column":null}},"3":{"start":{"line":7,"column":35},"end":{"line":7,"column":null}},"4":{"start":{"line":10,"column":4},"end":{"line":10,"column":null}}},"fnMap":{"0":{"name":"(anonymous_0)","decl":{"start":{"line":9,"column":2},"end":{"line":9,"column":14}},"loc":{"start":{"line":9,"column":62},"end":{"line":11,"column":null}},"line":9}},"branchMap":{"0":{"loc":{"start":{"line":9,"column":14},"end":{"line":9,"column":62}},"type":"default-arg","locations":[{"start":{"line":9,"column":23},"end":{"line":9,"column":62}}],"line":9}},"s":{"0":0,"1":0,"2":0,"3":1,"4":0},"f":{"0":0},"b":{"0":[0]},"meta":{"lastBranch":1,"lastFunction":1,"lastStatement":5,"seen":{"s:4:18:4:Infinity":0,"s:5:19:5:Infinity":1,"s:6:20:6:Infinity":2,"s:7:35:7:Infinity":3,"f:9:2:9:14":0,"b:9:23:9:62":0,"s:10:4:10:Infinity":4}}}
,"/home/davafons/workspace/Nadeshiko/backend/app/errors/validationFailedError.ts": {"path":"/home/davafons/workspace/Nadeshiko/backend/app/errors/validationFailedError.ts","statementMap":{"0":{"start":{"line":4,"column":18},"end":{"line":4,"column":null}},"1":{"start":{"line":5,"column":19},"end":{"line":5,"column":null}},"2":{"start":{"line":6,"column":20},"end":{"line":6,"column":null}},"3":{"start":{"line":8,"column":4},"end":{"line":8,"column":null}},"4":{"start":{"line":11,"column":4},"end":{"line":11,"column":null}},"5":{"start":{"line":12,"column":4},"end":{"line":14,"column":null}},"6":{"start":{"line":13,"column":6},"end":{"line":13,"column":null}},"7":{"start":{"line":19,"column":2},"end":{"line":19,"column":null}}},"fnMap":{"0":{"name":"(anonymous_0)","decl":{"start":{"line":10,"column":2},"end":{"line":10,"column":14}},"loc":{"start":{"line":10,"column":47},"end":{"line":15,"column":null}},"line":10},"1":{"name":"isValidationError","decl":{"start":{"line":18,"column":16},"end":{"line":18,"column":34}},"loc":{"start":{"line":18,"column":82},"end":{"line":20,"column":null}},"line":18}},"branchMap":{"0":{"loc":{"start":{"line":12,"column":4},"end":{"line":14,"column":null}},"type":"if","locations":[{"start":{"line":12,"column":4},"end":{"line":14,"column":null}},{"start":{},"end":{}}],"line":12}},"s":{"0":0,"1":0,"2":0,"3":1,"4":0,"5":0,"6":0,"7":0},"f":{"0":0,"1":0},"b":{"0":[0,0]},"meta":{"lastBranch":1,"lastFunction":2,"lastStatement":8,"seen":{"s:4:18:4:Infinity":0,"s:5:19:5:Infinity":1,"s:6:20:6:Infinity":2,"s:8:4:8:Infinity":3,"f:10:2:10:14":0,"s:11:4:11:Infinity":4,"b:12:4:14:Infinity:undefined:undefined:undefined:undefined":0,"s:12:4:14:Infinity":5,"s:13:6:13:Infinity":6,"f:18:16:18:34":1,"s:19:2:19:Infinity":7}}}
,"/home/davafons/workspace/Nadeshiko/backend/tests/factories/episode.ts": {"path":"/home/davafons/workspace/Nadeshiko/backend/tests/factories/episode.ts","statementMap":{"0":{"start":{"line":3,"column":10},"end":{"line":3,"column":null}},"1":{"start":{"line":6,"column":2},"end":{"line":6,"column":null}},"2":{"start":{"line":7,"column":2},"end":{"line":21,"column":null}},"3":{"start":{"line":25,"column":2},"end":{"line":25,"column":null}}},"fnMap":{"0":{"name":"buildEpisodeEntity","decl":{"start":{"line":5,"column":16},"end":{"line":5,"column":35}},"loc":{"start":{"line":5,"column":76},"end":{"line":22,"column":null}},"line":5},"1":{"name":"resetEpisodeSequence","decl":{"start":{"line":24,"column":16},"end":{"line":24,"column":39}},"loc":{"start":{"line":24,"column":39},"end":{"line":26,"column":null}},"line":24}},"branchMap":{"0":{"loc":{"start":{"line":5,"column":35},"end":{"line":5,"column":76}},"type":"default-arg","locations":[{"start":{"line":5,"column":72},"end":{"line":5,"column":76}}],"line":5}},"s":{"0":2,"1":14,"2":14,"3":19},"f":{"0":14,"1":19},"b":{"0":[14]},"meta":{"lastBranch":1,"lastFunction":2,"lastStatement":4,"seen":{"s:3:10:3:Infinity":0,"f:5:16:5:35":0,"b:5:72:5:76":0,"s:6:2:6:Infinity":1,"s:7:2:21:Infinity":2,"f:24:16:24:39":1,"s:25:2:25:Infinity":3}}}
,"/home/davafons/workspace/Nadeshiko/backend/tests/factories/requests.ts": {"path":"/home/davafons/workspace/Nadeshiko/backend/tests/factories/requests.ts","statementMap":{"0":{"start":{"line":2,"column":2},"end":{"line":6,"column":null}},"1":{"start":{"line":10,"column":2},"end":{"line":13,"column":null}}},"fnMap":{"0":{"name":"buildCreateEpisodeBody","decl":{"start":{"line":1,"column":16},"end":{"line":1,"column":39}},"loc":{"start":{"line":1,"column":55},"end":{"line":7,"column":null}},"line":1},"1":{"name":"buildUpdateEpisodeBody","decl":{"start":{"line":9,"column":16},"end":{"line":9,"column":39}},"loc":{"start":{"line":9,"column":55},"end":{"line":14,"column":null}},"line":9}},"branchMap":{"0":{"loc":{"start":{"line":1,"column":39},"end":{"line":1,"column":55}},"type":"default-arg","locations":[{"start":{"line":1,"column":51},"end":{"line":1,"column":55}}],"line":1},"1":{"loc":{"start":{"line":9,"column":39},"end":{"line":9,"column":55}},"type":"default-arg","locations":[{"start":{"line":9,"column":51},"end":{"line":9,"column":55}}],"line":9}},"s":{"0":3,"1":3},"f":{"0":3,"1":3},"b":{"0":[3],"1":[3]},"meta":{"lastBranch":2,"lastFunction":2,"lastStatement":2,"seen":{"f:1:16:1:39":0,"b:1:51:1:55":0,"s:2:2:6:Infinity":0,"f:9:16:9:39":1,"b:9:51:9:55":1,"s:10:2:13:Infinity":1}}}
,"/home/davafons/workspace/Nadeshiko/backend/tests/helpers/mockResponder.ts": {"path":"/home/davafons/workspace/Nadeshiko/backend/tests/helpers/mockResponder.ts","statementMap":{"0":{"start":{"line":9,"column":20},"end":{"line":28,"column":null}},"1":{"start":{"line":13,"column":22},"end":{"line":13,"column":null}},"2":{"start":{"line":14,"column":8},"end":{"line":14,"column":null}},"3":{"start":{"line":14,"column":20},"end":{"line":14,"column":null}},"4":{"start":{"line":16,"column":8},"end":{"line":25,"column":null}},"5":{"start":{"line":17,"column":10},"end":{"line":17,"column":null}},"6":{"start":{"line":18,"column":10},"end":{"line":24,"column":null}},"7":{"start":{"line":20,"column":14},"end":{"line":20,"column":null}},"8":{"start":{"line":21,"column":14},"end":{"line":21,"column":null}},"9":{"start":{"line":21,"column":38},"end":{"line":21,"column":86}},"10":{"start":{"line":23,"column":27},"end":{"line":23,"column":null}},"11":{"start":{"line":30,"column":2},"end":{"line":34,"column":null}},"12":{"start":{"line":32,"column":21},"end":{"line":32,"column":null}},"13":{"start":{"line":33,"column":19},"end":{"line":33,"column":null}}},"fnMap":{"0":{"name":"createMockResponder","decl":{"start":{"line":5,"column":16},"end":{"line":5,"column":38}},"loc":{"start":{"line":5,"column":38},"end":{"line":35,"column":null}},"line":5},"1":{"name":"(anonymous_1)","decl":{"start":{"line":12,"column":6},"end":{"line":12,"column":10}},"loc":{"start":{"line":12,"column":33},"end":{"line":26,"column":null}},"line":12},"2":{"name":"(anonymous_2)","decl":{"start":{"line":16,"column":15},"end":{"line":16,"column":21}},"loc":{"start":{"line":16,"column":21},"end":{"line":25,"column":null}},"line":16},"3":{"name":"(anonymous_3)","decl":{"start":{"line":19,"column":12},"end":{"line":19,"column":17}},"loc":{"start":{"line":19,"column":32},"end":{"line":22,"column":null}},"line":19},"4":{"name":"(anonymous_4)","decl":{"start":{"line":21,"column":31},"end":{"line":21,"column":38}},"loc":{"start":{"line":21,"column":38},"end":{"line":21,"column":86}},"line":21},"5":{"name":"(anonymous_5)","decl":{"start":{"line":23,"column":20},"end":{"line":23,"column":27}},"loc":{"start":{"line":23,"column":27},"end":{"line":23,"column":null}},"line":23},"6":{"name":"(anonymous_6)","decl":{"start":{"line":32,"column":15},"end":{"line":32,"column":21}},"loc":{"start":{"line":32,"column":21},"end":{"line":32,"column":null}},"line":32},"7":{"name":"(anonymous_7)","decl":{"start":{"line":33,"column":13},"end":{"line":33,"column":19}},"loc":{"start":{"line":33,"column":19},"end":{"line":33,"column":null}},"line":33}},"branchMap":{"0":{"loc":{"start":{"line":14,"column":8},"end":{"line":14,"column":null}},"type":"if","locations":[{"start":{"line":14,"column":8},"end":{"line":14,"column":null}},{"start":{},"end":{}}],"line":14}},"s":{"0":15,"1":11,"2":11,"3":0,"4":11,"5":11,"6":11,"7":9,"8":9,"9":0,"10":0,"11":15,"12":5,"13":6},"f":{"0":15,"1":11,"2":11,"3":9,"4":0,"5":0,"6":5,"7":6},"b":{"0":[0,11]},"meta":{"lastBranch":1,"lastFunction":8,"lastStatement":14,"seen":{"f:5:16:5:38":0,"s:9:20:28:Infinity":0,"f:12:6:12:10":1,"s:13:22:13:Infinity":1,"b:14:8:14:Infinity:undefined:undefined:undefined:undefined":0,"s:14:8:14:Infinity":2,"s:14:20:14:Infinity":3,"s:16:8:25:Infinity":4,"f:16:15:16:21":2,"s:17:10:17:Infinity":5,"s:18:10:24:Infinity":6,"f:19:12:19:17":3,"s:20:14:20:Infinity":7,"s:21:14:21:Infinity":8,"f:21:31:21:38":4,"s:21:38:21:86":9,"f:23:20:23:27":5,"s:23:27:23:Infinity":10,"s:30:2:34:Infinity":11,"f:32:15:32:21":6,"s:32:21:32:Infinity":12,"f:33:13:33:19":7,"s:33:19:33:Infinity":13}}}
}
